This is pdfTeX, Version 3.14159265-2.6-1.40.20 (MiKTeX 2.9.7050 64-bit) (preloaded format=pdflatex 2019.7.22)  23 NOV 2019 21:23
entering extended mode
**./documentazione.tex
(documentazione.tex
LaTeX2e <2018-12-01>
("C:\Users\Marco\AppData\Local\Programs\MiKTeX 2.9\tex/latex/base\article.cls"
Document Class: article 2018/09/03 v1.4i Standard LaTeX document class
("C:\Users\Marco\AppData\Local\Programs\MiKTeX 2.9\tex/latex/base\size10.clo"
File: size10.clo 2018/09/03 v1.4i Standard LaTeX file (size option)
)
\c@part=\count80
\c@section=\count81
\c@subsection=\count82
\c@subsubsection=\count83
\c@paragraph=\count84
\c@subparagraph=\count85
\c@figure=\count86
\c@table=\count87
\abovecaptionskip=\skip41
\belowcaptionskip=\skip42
\bibindent=\dimen102
) ("C:\Users\Marco\AppData\Local\Programs\MiKTeX 2.9\tex/latex/base\fontenc.sty
"
Package: fontenc 2018/08/11 v2.0j Standard LaTeX package
("C:\Users\Marco\AppData\Local\Programs\MiKTeX 2.9\tex/latex/base\t1enc.def"
File: t1enc.def 2018/08/11 v2.0j Standard LaTeX file
LaTeX Font Info:    Redeclaring font encoding T1 on input line 48.
))
("C:\Users\Marco\AppData\Local\Programs\MiKTeX 2.9\tex/latex/base\inputenc.sty"
Package: inputenc 2018/08/11 v1.3c Input encoding file
\inpenc@prehook=\toks14
\inpenc@posthook=\toks15
) ("C:\Users\Marco\AppData\Local\Programs\MiKTeX 2.9\tex/generic/babel\babel.st
y"
Package: babel 2019/06/03 3.32 The Babel package

("C:\Users\Marco\AppData\Local\Programs\MiKTeX 2.9\tex/generic/babel\switch.def
"
File: switch.def 2019/06/03 3.32 Babel switching mechanism
)
*************************************
* Local config file bblopts.cfg used
*
("C:\Users\Marco\AppData\Local\Programs\MiKTeX 2.9\tex/latex/arabi\bblopts.cfg"
File: bblopts.cfg 2005/09/08 v0.1 add Arabic and Farsi to "declared" options of
 babel
)
("C:\Users\Marco\AppData\Local\Programs\MiKTeX 2.9\tex/latex/babel-italian\ital
ian.ldf"
Language: italian 2019/01/05 v.1.4.01 Italian support for the babel system

("C:\Users\Marco\AppData\Local\Programs\MiKTeX 2.9\tex/generic/babel\babel.def"
File: babel.def 2019/06/03 3.32 Babel common definitions
\babel@savecnt=\count88
\U@D=\dimen103

("C:\Users\Marco\AppData\Local\Programs\MiKTeX 2.9\tex/generic/babel\txtbabel.d
ef")
\bbl@dirlevel=\count89
)
\it@lettering=\count90
\it@doublequoteactive=\count91
\it@ISOcompliance=\count92
))
("C:\Users\Marco\AppData\Local\Programs\MiKTeX 2.9\tex/latex/etoolbox\etoolbox.
sty"
Package: etoolbox 2018/08/19 v2.5f e-TeX tools for LaTeX (JAW)
\etb@tempcnta=\count93
)
("C:\Users\Marco\AppData\Local\Programs\MiKTeX 2.9\tex/latex/frontespizio\front
espizio.sty"
Package: frontespizio 2011/09/21 1.4a (Enrico Gregorio)

("C:\Users\Marco\AppData\Local\Programs\MiKTeX 2.9\tex/latex/tools\afterpage.st
y"
Package: afterpage 2014/10/28 v1.08 After-Page Package (DPC)
\AP@output=\toks16
\AP@partial=\box27
\AP@footins=\box28
)
("C:\Users\Marco\AppData\Local\Programs\MiKTeX 2.9\tex/latex/graphics\graphicx.
sty"
Package: graphicx 2017/06/01 v1.1a Enhanced LaTeX Graphics (DPC,SPQR)

("C:\Users\Marco\AppData\Local\Programs\MiKTeX 2.9\tex/latex/graphics\keyval.st
y"
Package: keyval 2014/10/28 v1.15 key=value parser (DPC)
\KV@toks@=\toks17
)
("C:\Users\Marco\AppData\Local\Programs\MiKTeX 2.9\tex/latex/graphics\graphics.
sty"
Package: graphics 2017/06/25 v1.2c Standard LaTeX Graphics (DPC,SPQR)

("C:\Users\Marco\AppData\Local\Programs\MiKTeX 2.9\tex/latex/graphics\trig.sty"
Package: trig 2016/01/03 v1.10 sin cos tan (DPC)
)
("C:\Users\Marco\AppData\Local\Programs\MiKTeX 2.9\tex/latex/graphics-cfg\graph
ics.cfg"
File: graphics.cfg 2016/06/04 v1.11 sample graphics configuration
)
Package graphics Info: Driver file: pdftex.def on input line 99.

("C:\Users\Marco\AppData\Local\Programs\MiKTeX 2.9\tex/latex/graphics-def\pdfte
x.def"
File: pdftex.def 2018/01/08 v1.0l Graphics/color driver for pdftex
))
\Gin@req@height=\dimen104
\Gin@req@width=\dimen105
)
("C:\Users\Marco\AppData\Local\Programs\MiKTeX 2.9\tex/generic/oberdiek\atbegsh
i.sty"
Package: atbegshi 2016/06/09 v1.18 At begin shipout hook (HO)

("C:\Users\Marco\AppData\Local\Programs\MiKTeX 2.9\tex/generic/oberdiek\infware
rr.sty"
Package: infwarerr 2016/05/16 v1.4 Providing info/warning/error messages (HO)
)
("C:\Users\Marco\AppData\Local\Programs\MiKTeX 2.9\tex/generic/oberdiek\ltxcmds
.sty"
Package: ltxcmds 2016/05/16 v1.23 LaTeX kernel commands for general use (HO)
)
("C:\Users\Marco\AppData\Local\Programs\MiKTeX 2.9\tex/generic/oberdiek\ifpdf.s
ty"
Package: ifpdf 2018/09/07 v3.3 Provides the ifpdf switch
))
("C:\Users\Marco\AppData\Local\Programs\MiKTeX 2.9\tex/latex/environ\environ.st
y"
Package: environ 2014/05/04 v0.3 A new way to define environments

("C:\Users\Marco\AppData\Local\Programs\MiKTeX 2.9\tex/latex/trimspaces\trimspa
ces.sty"
Package: trimspaces 2009/09/17 v1.1 Trim spaces around a token list
)
\@envbody=\toks18
)
("C:\Users\Marco\AppData\Local\Programs\MiKTeX 2.9\tex/generic/ifxetex\ifxetex.
sty"
Package: ifxetex 2010/09/12 v0.6 Provides ifxetex conditional
)
\front@out=\write3
\openout3 = `documentazione-frn.tex'.

)
("C:\Users\Marco\AppData\Local\Programs\MiKTeX 2.9\tex/latex/listings\listings.
sty"
\lst@mode=\count94
\lst@gtempboxa=\box29
\lst@token=\toks19
\lst@length=\count95
\lst@currlwidth=\dimen106
\lst@column=\count96
\lst@pos=\count97
\lst@lostspace=\dimen107
\lst@width=\dimen108
\lst@newlines=\count98
\lst@lineno=\count99
\lst@maxwidth=\dimen109

("C:\Users\Marco\AppData\Local\Programs\MiKTeX 2.9\tex/latex/listings\lstmisc.s
ty"
File: lstmisc.sty 2019/02/27 1.8b (Carsten Heinz)
\c@lstnumber=\count100
\lst@skipnumbers=\count101
\lst@framebox=\box30
)
("C:\Users\Marco\AppData\Local\Programs\MiKTeX 2.9\tex/latex/listings\listings.
cfg"
File: listings.cfg 2019/02/27 1.8b listings configuration
))
Package: listings 2019/02/27 1.8b (Carsten Heinz)

("C:\Users\Marco\AppData\Local\Programs\MiKTeX 2.9\tex/latex/koma-script\scrext
end.sty"
Package: scrextend 2019/02/01 v3.26b KOMA-Script package (extend other classes 
with features of KOMA-Script classes)

("C:\Users\Marco\AppData\Local\Programs\MiKTeX 2.9\tex/latex/koma-script\scrkba
se.sty"
Package: scrkbase 2019/02/01 v3.26b KOMA-Script package (KOMA-Script-dependent 
basics and keyval usage)

("C:\Users\Marco\AppData\Local\Programs\MiKTeX 2.9\tex/latex/koma-script\scrbas
e.sty"
Package: scrbase 2019/02/01 v3.26b KOMA-Script package (KOMA-Script-independent
 basics and keyval usage)

("C:\Users\Marco\AppData\Local\Programs\MiKTeX 2.9\tex/latex/koma-script\scrlfi
le.sty"
Package: scrlfile 2019/02/01 v3.26b KOMA-Script package (loading files)
))))
("C:\Users\Marco\AppData\Local\Programs\MiKTeX 2.9\tex/latex/geometry\geometry.
sty"
Package: geometry 2018/04/16 v5.8 Page Geometry

("C:\Users\Marco\AppData\Local\Programs\MiKTeX 2.9\tex/generic/oberdiek\ifvtex.
sty"
Package: ifvtex 2016/05/16 v1.6 Detect VTeX and its facilities (HO)
Package ifvtex Info: VTeX not detected.
)
\Gm@cnth=\count102
\Gm@cntv=\count103
\c@Gm@tempcnt=\count104
\Gm@bindingoffset=\dimen110
\Gm@wd@mp=\dimen111
\Gm@odd@mp=\dimen112
\Gm@even@mp=\dimen113
\Gm@layoutwidth=\dimen114
\Gm@layoutheight=\dimen115
\Gm@layouthoffset=\dimen116
\Gm@layoutvoffset=\dimen117
\Gm@dimlist=\toks20

("C:\Users\Marco\AppData\Local\Programs\MiKTeX 2.9\tex/latex/geometry\geometry.
cfg"))
("C:\Users\Marco\AppData\Local\Programs\MiKTeX 2.9\tex/latex/caption\caption.st
y"
Package: caption 2018/10/06 v3.3-154 Customizing captions (AR)

("C:\Users\Marco\AppData\Local\Programs\MiKTeX 2.9\tex/latex/caption\caption3.s
ty"
Package: caption3 2018/09/12 v1.8c caption3 kernel (AR)
Package caption3 Info: TeX engine: e-TeX on input line 64.
\captionmargin=\dimen118
\captionmargin@=\dimen119
\captionwidth=\dimen120
\caption@tempdima=\dimen121
\caption@indent=\dimen122
\caption@parindent=\dimen123
\caption@hangindent=\dimen124
)
\c@caption@flags=\count105
\c@ContinuedFloat=\count106
Package caption Info: listings package is loaded.
) (documentazione.aux)
\openout1 = `documentazione.aux'.

LaTeX Font Info:    Checking defaults for OML/cmm/m/it on input line 13.
LaTeX Font Info:    ... okay on input line 13.
LaTeX Font Info:    Checking defaults for T1/cmr/m/n on input line 13.
LaTeX Font Info:    ... okay on input line 13.
LaTeX Font Info:    Checking defaults for OT1/cmr/m/n on input line 13.
LaTeX Font Info:    ... okay on input line 13.
LaTeX Font Info:    Checking defaults for OMS/cmsy/m/n on input line 13.
LaTeX Font Info:    ... okay on input line 13.
LaTeX Font Info:    Checking defaults for OMX/cmex/m/n on input line 13.
LaTeX Font Info:    ... okay on input line 13.
LaTeX Font Info:    Checking defaults for U/cmr/m/n on input line 13.
LaTeX Font Info:    ... okay on input line 13.
LaTeX Info: Redefining \it@ocap on input line 13.
LaTeX Info: Redefining \it@ccap on input line 13.

("C:\Users\Marco\AppData\Local\Programs\MiKTeX 2.9\tex/context/base/mkii\supp-p
df.mkii"
[Loading MPS to PDF converter (version 2006.09.02).]
\scratchcounter=\count107
\scratchdimen=\dimen125
\scratchbox=\box31
\nofMPsegments=\count108
\nofMParguments=\count109
\everyMPshowfont=\toks21
\MPscratchCnt=\count110
\MPscratchDim=\dimen126
\MPnumerator=\count111
\makeMPintoPDFobject=\count112
\everyMPtoPDFconversion=\toks22
)
("C:\Users\Marco\AppData\Local\Programs\MiKTeX 2.9\tex/latex/oberdiek\epstopdf-
base.sty"
Package: epstopdf-base 2016/05/15 v2.6 Base part for package epstopdf

("C:\Users\Marco\AppData\Local\Programs\MiKTeX 2.9\tex/latex/oberdiek\grfext.st
y"
Package: grfext 2016/05/16 v1.2 Manage graphics extensions (HO)

("C:\Users\Marco\AppData\Local\Programs\MiKTeX 2.9\tex/generic/oberdiek\kvdefin
ekeys.sty"
Package: kvdefinekeys 2016/05/16 v1.4 Define keys (HO)
))
("C:\Users\Marco\AppData\Local\Programs\MiKTeX 2.9\tex/latex/oberdiek\kvoptions
.sty"
Package: kvoptions 2016/05/16 v3.12 Key value format for package options (HO)

("C:\Users\Marco\AppData\Local\Programs\MiKTeX 2.9\tex/generic/oberdiek\kvsetke
ys.sty"
Package: kvsetkeys 2016/05/16 v1.17 Key value parser (HO)

("C:\Users\Marco\AppData\Local\Programs\MiKTeX 2.9\tex/generic/oberdiek\etexcmd
s.sty"
Package: etexcmds 2016/05/16 v1.6 Avoid name clashes with e-TeX commands (HO)

("C:\Users\Marco\AppData\Local\Programs\MiKTeX 2.9\tex/generic/oberdiek\ifluate
x.sty"
Package: ifluatex 2016/05/16 v1.4 Provides the ifluatex switch (HO)
Package ifluatex Info: LuaTeX not detected.
))))
("C:\Users\Marco\AppData\Local\Programs\MiKTeX 2.9\tex/generic/oberdiek\pdftexc
mds.sty"
Package: pdftexcmds 2018/09/10 v0.29 Utility functions of pdfTeX for LuaTeX (HO
)
Package pdftexcmds Info: LuaTeX not detected.
Package pdftexcmds Info: \pdf@primitive is available.
Package pdftexcmds Info: \pdf@ifprimitive is available.
Package pdftexcmds Info: \pdfdraftmode found.
)
Package epstopdf-base Info: Redefining graphics rule for `.eps' on input line 4
38.
Package grfext Info: Graphics extension search list:
(grfext)             [.pdf,.png,.jpg,.mps,.jpeg,.jbig2,.jb2,.PDF,.PNG,.JPG,.JPE
G,.JBIG2,.JB2,.eps]
(grfext)             \AppendGraphicsExtensions on input line 456.
)
\AtBeginShipoutBox=\box32
\c@lstlisting=\count113

*geometry* driver: auto-detecting
*geometry* detected driver: pdftex
*geometry* verbose mode - [ preamble ] result:
* driver: pdftex
* paper: a4paper
* layout: <same size as paper>
* layoutoffset:(h,v)=(0.0pt,0.0pt)
* modes: 
* h-part:(L,W,R)=(86.72377pt, 424.06033pt, 86.72377pt)
* v-part:(T,H,B)=(86.72377pt, 671.5993pt, 86.72377pt)
* \paperwidth=597.50787pt
* \paperheight=845.04684pt
* \textwidth=424.06033pt
* \textheight=671.5993pt
* \oddsidemargin=14.45378pt
* \evensidemargin=14.45378pt
* \topmargin=-22.54622pt
* \headheight=12.0pt
* \headsep=25.0pt
* \topskip=10.0pt
* \footskip=30.0pt
* \marginparwidth=57.0pt
* \marginparsep=11.0pt
* \columnsep=10.0pt
* \skip\footins=9.0pt plus 4.0pt minus 2.0pt
* \hoffset=0.0pt
* \voffset=0.0pt
* \mag=1000
* \@twocolumnfalse
* \@twosidefalse
* \@mparswitchfalse
* \@reversemarginfalse
* (1in=72.27pt=25.4mm, 1cm=28.453pt)

Package caption Info: Begin \AtBeginDocument code.
Package caption Info: End \AtBeginDocument code.
<documentazione-frn.pdf, id=1, 597.50829pt x 845.0471pt>
File: documentazione-frn.pdf Graphic file (type pdf)
<use documentazione-frn.pdf>
Package pdftex.def Info: documentazione-frn.pdf  used on input line 18.
(pdftex.def)             Requested size: 597.50682pt x 845.04504pt.
[1

 <./documentazione-frn.pdf{C:/Users/Marco/AppData/Local/MiKTeX/2.9/pdftex/confi
g/pdftex.map}>] (documentazione.toc
LaTeX Font Info:    External font `cmex10' loaded for size
(Font)              <7> on input line 5.
LaTeX Font Info:    External font `cmex10' loaded for size
(Font)              <5> on input line 5.
)
\tf@toc=\write4
\openout4 = `documentazione.toc'.

 [1

]
<./images/diagrams/Mockup.pdf, id=31, 574.5465pt x 401.0985pt>
File: ./images/diagrams/Mockup.pdf Graphic file (type pdf)
<use ./images/diagrams/Mockup.pdf>
Package pdftex.def Info: ./images/diagrams/Mockup.pdf  used on input line 55.
(pdftex.def)             Requested size: 426.79134pt x 297.95271pt.

Overfull \hbox (2.731pt too wide) in paragraph at lines 55--57
 [] 
 []


Overfull \hbox (15.0pt too wide) in paragraph at lines 52--61
[]$[]$ 
 []

[2

 <./images/diagrams/Mockup.pdf>]
LaTeX Font Info:    Try loading font information for OMS+cmr on input line 71.

("C:\Users\Marco\AppData\Local\Programs\MiKTeX 2.9\tex/latex/base\omscmr.fd"
File: omscmr.fd 2014/09/29 v2.5h Standard LaTeX font definitions
)
LaTeX Font Info:    Font shape `OMS/cmr/m/n' in size <10> not available
(Font)              Font shape `OMS/cmsy/m/n' tried instead on input line 71.

[3

]
Underfull \hbox (badness 10000) in paragraph at lines 114--134

 []

<./images/diagrams/UseCases.png, id=44, 1794.705pt x 1116.17pt>
File: ./images/diagrams/UseCases.png Graphic file (type png)
<use ./images/diagrams/UseCases.png>
Package pdftex.def Info: ./images/diagrams/UseCases.png  used on input line 139
.
(pdftex.def)             Requested size: 686.23967pt x 426.79134pt.

Overfull \hbox (2.731pt too wide) in paragraph at lines 139--141
 [] 
 []


Overfull \hbox (15.0pt too wide) in paragraph at lines 136--143
[]$[]$ 
 []

[4

]
Overfull \vbox (53.93837pt too high) has occurred while \output is active []


[5 <./images/diagrams/UseCases.png>]
<./images/diagrams/AnalysisUML.png, id=52, 544.0325pt x 447.6725pt>
File: ./images/diagrams/AnalysisUML.png Graphic file (type png)
<use ./images/diagrams/AnalysisUML.png>
Package pdftex.def Info: ./images/diagrams/AnalysisUML.png  used on input line 
153.
(pdftex.def)             Requested size: 296.84093pt x 244.27382pt.
 [6

 <./images/diagrams/AnalysisUML.png>]
<./images/diagrams/architecture_diagram.png, id=58, 313.77225pt x 290.2845pt>
File: ./images/diagrams/architecture_diagram.png Graphic file (type png)
<use ./images/diagrams/architecture_diagram.png>
Package pdftex.def Info: ./images/diagrams/architecture_diagram.png  used on in
put line 174.
(pdftex.def)             Requested size: 307.55214pt x 284.52756pt.

[7

 <./images/diagrams/architecture_diagram.png>]
Underfull \hbox (badness 10000) in paragraph at lines 184--185

 []

<./images/diagrams/er_diagram.png, id=63, 1213.53375pt x 724.7075pt>
File: ./images/diagrams/er_diagram.png Graphic file (type png)
<use ./images/diagrams/er_diagram.png>
Package pdftex.def Info: ./images/diagrams/er_diagram.png  used on input line 1
89.
(pdftex.def)             Requested size: 441.01772pt x 263.37152pt.

Overfull \hbox (16.95738pt too wide) in paragraph at lines 189--191
 [] 
 []


Overfull \hbox (15.0pt too wide) in paragraph at lines 186--195
[]$[]$ 
 []

[8

 <./images/diagrams/er_diagram.png>] (java_code/declaration.tex
("C:\Users\Marco\AppData\Local\Programs\MiKTeX 2.9\tex/latex/listings\lstlang1.
sty"
File: lstlang1.sty 2019/02/27 1.8b listings language file
)
Overfull \hbox (14.43652pt too wide) in paragraph at lines 22--23
[][][][][][][][][][][][][][][][][][][][][][][][][][][][][] 
 []


Overfull \hbox (19.53532pt too wide) in paragraph at lines 23--25
[][][][][][][][][][][][][][][][][][][][] 
 []


Overfull \hbox (4.23892pt too wide) in paragraph at lines 27--28
[][][][][][][][][][][][][][][][][][][][][][][][][][][][] 
 []

)
<./images/diagrams/er_diagram2.png, id=68, 639.89063pt x 292.09125pt>
File: ./images/diagrams/er_diagram2.png Graphic file (type png)
<use ./images/diagrams/er_diagram2.png>
Package pdftex.def Info: ./images/diagrams/er_diagram2.png  used on input line 
233.
(pdftex.def)             Requested size: 441.01772pt x 201.31586pt.

Overfull \hbox (16.95738pt too wide) in paragraph at lines 233--234
 [] 
 []


Overfull \hbox (15.0pt too wide) in paragraph at lines 230--241
[]$[]$
 []

[9

] (java_code/create.tex
Overfull \hbox (24.63412pt too wide) in paragraph at lines 17--18
[][][][][][][][][][][][][][][][][][] 
 []


Overfull \hbox (60.32573pt too wide) in paragraph at lines 20--21
[][][][][][][][][][][][][][][][][][][][][][][][][] 
 []

[10 <./images/diagrams/er_diagram2.png>]) (java_code/read.tex
Overfull \hbox (34.83173pt too wide) in paragraph at lines 12--13
[][][][][][][][][][][][][][][][][][] 
 []

) (java_code/update.tex
Overfull \hbox (24.63412pt too wide) in paragraph at lines 9--10
[][][][][][][][][][][][][][][][][] 
 []


Overfull \hbox (9.33772pt too wide) in paragraph at lines 10--12
[][][][][] 
 []

LaTeX Font Info:    External font `cmex10' loaded for size
(Font)              <8> on input line 20.
LaTeX Font Info:    External font `cmex10' loaded for size
(Font)              <6> on input line 20.
) (java_code/delete.tex [11]
Overfull \hbox (14.43652pt too wide) in paragraph at lines 3--4
[][][][][][][][][][][][][][][][][][][][][][][][] 
 []


Overfull \hbox (24.63412pt too wide) in paragraph at lines 8--9
[][][][][][][][][][][][][][][][][] 
 []


Overfull \hbox (9.33772pt too wide) in paragraph at lines 9--11
[][][][][] 
 []

) [12]
Underfull \hbox (badness 10000) in paragraph at lines 288--294

 []

<./images/table/users.jpg, id=86, 149.05687pt x 45.16875pt>
File: ./images/table/users.jpg Graphic file (type jpg)
<use ./images/table/users.jpg>
Package pdftex.def Info: ./images/table/users.jpg  used on input line 298.
(pdftex.def)             Requested size: 254.43878pt x 77.10701pt.

Overfull \hbox (15.0pt too wide) in paragraph at lines 295--306
[]$[]$
 []


Underfull \hbox (badness 10000) in paragraph at lines 295--306

 []

<./images/table/subject_comments.jpg, id=87, 405.515pt x 37.13875pt>
File: ./images/table/subject_comments.jpg Graphic file (type jpg)
<use ./images/table/subject_comments.jpg>
Package pdftex.def Info: ./images/table/subject_comments.jpg  used on input lin
e 334.
(pdftex.def)             Requested size: 424.06033pt x 38.83815pt.

Overfull \hbox (31.384pt too wide) in paragraph at lines 310--343
\T1/cmr/m/n/10 To re-pre-sent that re-la-tion, the iden-ti-fiers of the key be-
co-mes the id of the com-ment (su-b-ject_comment_id)
 []

[13

 <./images/table/users.jpg>] (java_code/leveldb_init.tex [14 <./images/table/su
bject_comments.jpg>])
<./images/table/teaching.jpg, id=94, 226.34563pt x 148.05313pt>
File: ./images/table/teaching.jpg Graphic file (type jpg)
<use ./images/table/teaching.jpg>
Package pdftex.def Info: ./images/table/teaching.jpg  used on input line 365.
(pdftex.def)             Requested size: 169.62154pt x 110.94919pt.
 [15 <./images/table/teaching.jpg>]
<images/screens/screen0.png, id=98, 1213.53375pt x 734.745pt>
File: images/screens/screen0.png Graphic file (type png)
<use images/screens/screen0.png>
Package pdftex.def Info: images/screens/screen0.png  used on input line 387.
(pdftex.def)             Requested size: 373.17516pt x 225.94115pt.
<images/screens/screen1.png, id=99, 1211.52625pt x 729.72626pt>
File: images/screens/screen1.png Graphic file (type png)
<use images/screens/screen1.png>
Package pdftex.def Info: images/screens/screen1.png  used on input line 396.
(pdftex.def)             Requested size: 373.17516pt x 224.76529pt.
 [16

 <./images/screens/screen0.png> <./images/screens/screen1.png>]
<images/screens/screen2.png, id=105, 1211.52625pt x 732.7375pt>
File: images/screens/screen2.png Graphic file (type png)
<use images/screens/screen2.png>
Package pdftex.def Info: images/screens/screen2.png  used on input line 403.
(pdftex.def)             Requested size: 373.17516pt x 225.6928pt.
<images/screens/screenLogin.png, id=106, 1211.52625pt x 726.715pt>
File: images/screens/screenLogin.png Graphic file (type png)
<use images/screens/screenLogin.png>
Package pdftex.def Info: images/screens/screenLogin.png  used on input line 411
.
(pdftex.def)             Requested size: 373.17516pt x 223.83777pt.
<images/screens/screen3.png, id=107, 1211.52625pt x 726.715pt>
File: images/screens/screen3.png Graphic file (type png)
<use images/screens/screen3.png>
Package pdftex.def Info: images/screens/screen3.png  used on input line 422.
(pdftex.def)             Requested size: 381.6517pt x 228.92752pt.
<images/screens/screen4.png, id=108, 1315.91624pt x 738.76pt>
File: images/screens/screen4.png Graphic file (type png)
<use images/screens/screen4.png>
Package pdftex.def Info: images/screens/screen4.png  used on input line 429.
(pdftex.def)             Requested size: 381.6517pt x 214.25745pt.
 [17

 <./images/screens/screen2.png> <./images/screens/screenLogin.png>] [18 <./imag
es/screens/screen3.png> <./images/screens/screen4.png>]
<images/screens/screen5.png, id=120, 1312.905pt x 736.7525pt>
File: images/screens/screen5.png Graphic file (type png)
<use images/screens/screen5.png>
Package pdftex.def Info: images/screens/screen5.png  used on input line 440.
(pdftex.def)             Requested size: 373.17516pt x 209.41455pt.
 [19 <./images/screens/screen5.png>]
<images/screens/adminLogin.png, id=125, 1211.52625pt x 731.73375pt>
File: images/screens/adminLogin.png Graphic file (type png)
<use images/screens/adminLogin.png>
Package pdftex.def Info: images/screens/adminLogin.png  used on input line 456.

(pdftex.def)             Requested size: 373.17516pt x 225.38362pt.
<images/screens/admin1.png, id=126, 1209.51875pt x 731.73375pt>
File: images/screens/admin1.png Graphic file (type png)
<use images/screens/admin1.png>
Package pdftex.def Info: images/screens/admin1.png  used on input line 464.
(pdftex.def)             Requested size: 373.17516pt x 225.76324pt.
 [20

 <./images/screens/adminLogin.png> <./images/screens/admin1.png>]
<images/screens/admin2.png, id=132, 1211.52625pt x 729.72626pt>
File: images/screens/admin2.png Graphic file (type png)
<use images/screens/admin2.png>
Package pdftex.def Info: images/screens/admin2.png  used on input line 472.
(pdftex.def)             Requested size: 373.17516pt x 224.76529pt.
<images/screens/admin3.png, id=133, 1209.51875pt x 733.74126pt>
File: images/screens/admin3.png Graphic file (type png)
<use images/screens/admin3.png>
Package pdftex.def Info: images/screens/admin3.png  used on input line 480.
(pdftex.def)             Requested size: 373.17516pt x 226.38263pt.
 [21

 <./images/screens/admin2.png> <./images/screens/admin3.png>]
<images/screens/admin4.png, id=139, 1209.51875pt x 729.72626pt>
File: images/screens/admin4.png Graphic file (type png)
<use images/screens/admin4.png>
Package pdftex.def Info: images/screens/admin4.png  used on input line 488.
(pdftex.def)             Requested size: 373.17516pt x 225.14388pt.
 [22

 <./images/screens/admin4.png>]
(documentazione.aux) ) 
Here is how much of TeX's memory you used:
 7073 strings out of 492895
 107934 string characters out of 3123735
 402928 words of memory out of 3000000
 10843 multiletter control sequences out of 15000+200000
 13852 words of font info for 31 fonts, out of 3000000 for 9000
 1141 hyphenation exceptions out of 8191
 51i,11n,46p,806b,1629s stack positions out of 5000i,500n,10000p,200000b,50000s
 <C:\Users\Marco\AppData\Local\MiKTeX\2.9\fonts/pk/ljfour
/jknappen/ec/dpi600\ecti0800.pk> <C:\Users\Marco\AppData\Local\MiKTeX\2.9\fonts
/pk/ljfour/jknappen/ec/dpi600\ecbx0800.pk> <C:\Users\Marco\AppData\Local\MiKTeX
\2.9\fonts/pk/ljfour/jknappen/ec/dpi600\ecrm0800.pk> <C:\Users\Marco\AppData\Lo
cal\MiKTeX\2.9\fonts/pk/ljfour/jknappen/ec/dpi600\ecbx1200.pk> <C:\Users\Marco\
AppData\Local\MiKTeX\2.9\fonts/pk/ljfour/jknappen/ec/dpi600\ecrm0900.pk> <C:\Us
ers\Marco\AppData\Local\MiKTeX\2.9\fonts/pk/ljfour/jknappen/ec/dpi600\ecbx0900.
pk> <C:\Users\Marco\AppData\Local\MiKTeX\2.9\fonts/pk/ljfour/jknappen/ec/dpi600
\ecrm1000.pk> <C:\Users\Marco\AppData\Local\MiKTeX\2.9\fonts/pk/ljfour/jknappen
/ec/dpi600\ecbx1000.pk> <C:\Users\Marco\AppData\Local\MiKTeX\2.9\fonts/pk/ljfou
r/jknappen/ec/dpi600\ecbx1440.pk><C:/Users/Marco/AppData/Local/Programs/MiKTeX 
2.9/fonts/type1/public/amsfonts/cm/cmbx12.pfb><C:/Users/Marco/AppData/Local/Pro
grams/MiKTeX 2.9/fonts/type1/public/amsfonts/cm/cmr10.pfb><C:/Users/Marco/AppDa
ta/Local/Programs/MiKTeX 2.9/fonts/type1/public/amsfonts/cm/cmr12.pfb><C:/Users
/Marco/AppData/Local/Programs/MiKTeX 2.9/fonts/type1/public/amsfonts/cm/cmsy10.
pfb><C:/Users/Marco/AppData/Local/Programs/MiKTeX 2.9/fonts/type1/public/amsfon
ts/cm/cmsy8.pfb>
Output written on documentazione.pdf (23 pages, 1472461 bytes).
PDF statistics:
 560 PDF objects out of 1000 (max. 8388607)
 0 named destinations out of 1000 (max. 500000)
 111 words of extra memory for PDF output out of 10000 (max. 10000000)

